0 info it worked if it ends with ok
1 verbose cli [ 'C:\\Program Files\\nodejs\\node.exe',
1 verbose cli   'C:\\Users\\jcalahi\\AppData\\Roaming\\npm\\node_modules\\npm\\bin\\npm-cli.js',
1 verbose cli   'start' ]
2 info using npm@3.5.3
3 info using node@v5.3.0
4 verbose run-script [ 'prestart', 'start', 'poststart' ]
5 info lifecycle pacs-dicom-webview@1.0.0~prestart: pacs-dicom-webview@1.0.0
6 silly lifecycle pacs-dicom-webview@1.0.0~prestart: no script for prestart, continuing
7 info lifecycle pacs-dicom-webview@1.0.0~start: pacs-dicom-webview@1.0.0
8 verbose lifecycle pacs-dicom-webview@1.0.0~start: unsafe-perm in lifecycle true
9 verbose lifecycle pacs-dicom-webview@1.0.0~start: PATH: C:\Users\jcalahi\AppData\Roaming\npm\node_modules\npm\bin\node-gyp-bin;C:\Users\jcalahi\nodeapp\pacs-dicom-webview\node_modules\.bin;C:\Users\jcalahi\AppData\Roaming\npm;C:\Program Files\nodejs\;C:\ProgramData\Oracle\Java\javapath;C:\Windows\system32;C:\Program Files (x86)\Git\bin;C:\Users\jcalahi\AppData\Local\Android\sdk\platform-tools;C:\Users\jcalahi\AppData\Local\Android\sdk;C:\Program Files (x86)\WebEx\Productivity Tools;C:\Program Files\nodejs\;C:\Program Files (x86)\Brackets\command;C:\Users\jcalahi\devtools\apache-maven-3.2.5\bin;C:\Program Files\TortoiseGit\bin;C:\ProgramData\Oracle\Java\javapath;C:\Windows\system32;C:\Program Files (x86)\Git\bin;C:\Users\jcalahi\AppData\Local\Android\sdk\platform-tools;C:\Users\jcalahi\AppData\Local\Android\sdk;C:\Program Files (x86)\WebEx\Productivity Tools;C:\Program Files\nodejs\;C:\Program Files (x86)\Brackets\command;C:\Users\jcalahi\devtools\apache-maven-3.2.5\bin;C:\Program Files\TortoiseGit\bin;C:\Program Files\Java\jdk1.7.0_71\bin;C:\Users\jcalahi\Tools\mysql-5.6.22-winx64\bin;C:\Users\jcalahi\Tools\go\bin;C:\Users\jcalahi\AppData\Roaming\npm;C:\Users\jcalahi\devtools\apache-maven-3.2.5\bin;C:\Program Files (x86)\Microsoft VS Code\bin
10 verbose lifecycle pacs-dicom-webview@1.0.0~start: CWD: C:\Users\jcalahi\nodeapp\pacs-dicom-webview
11 silly lifecycle pacs-dicom-webview@1.0.0~start: Args: [ '/d /s /c', 'nodemon app.js' ]
12 silly lifecycle pacs-dicom-webview@1.0.0~start: Returned: code: 1  signal: null
13 info lifecycle pacs-dicom-webview@1.0.0~start: Failed to exec start script
14 verbose stack Error: pacs-dicom-webview@1.0.0 start: `nodemon app.js`
14 verbose stack Exit status 1
14 verbose stack     at EventEmitter.<anonymous> (C:\Users\jcalahi\AppData\Roaming\npm\node_modules\npm\lib\utils\lifecycle.js:232:16)
14 verbose stack     at emitTwo (events.js:87:13)
14 verbose stack     at EventEmitter.emit (events.js:172:7)
14 verbose stack     at ChildProcess.<anonymous> (C:\Users\jcalahi\AppData\Roaming\npm\node_modules\npm\lib\utils\spawn.js:24:14)
14 verbose stack     at emitTwo (events.js:87:13)
14 verbose stack     at ChildProcess.emit (events.js:172:7)
14 verbose stack     at maybeClose (internal/child_process.js:818:16)
14 verbose stack     at Process.ChildProcess._handle.onexit (internal/child_process.js:211:5)
15 verbose pkgid pacs-dicom-webview@1.0.0
16 verbose cwd C:\Users\jcalahi\nodeapp\pacs-dicom-webview
17 error Windows_NT 6.1.7601
18 error argv "C:\\Program Files\\nodejs\\node.exe" "C:\\Users\\jcalahi\\AppData\\Roaming\\npm\\node_modules\\npm\\bin\\npm-cli.js" "start"
19 error node v5.3.0
20 error npm  v3.5.3
21 error code ELIFECYCLE
22 error pacs-dicom-webview@1.0.0 start: `nodemon app.js`
22 error Exit status 1
23 error Failed at the pacs-dicom-webview@1.0.0 start script 'nodemon app.js'.
23 error Make sure you have the latest version of node.js and npm installed.
23 error If you do, this is most likely a problem with the pacs-dicom-webview package,
23 error not with npm itself.
23 error Tell the author that this fails on your system:
23 error     nodemon app.js
23 error You can get information on how to open an issue for this project with:
23 error     npm bugs pacs-dicom-webview
23 error Or if that isn't available, you can get their info via:
23 error     npm owner ls pacs-dicom-webview
23 error There is likely additional logging output above.
24 verbose exit [ 1, true ]
